2025-04-13 10:48:00 | DEBUG | repo=AutoEncoder | action=commit
2025-12-23 12:09:00 | WARN | repo=AutoEncoder | action=commit
2025-10-12 19:19:00 | WARN | repo=AutoEncoder | action=commit
2025-02-12 07:49:00 | WARN | repo=AutoEncoder | action=commit
2025-09-11 08:34:00 | INFO | repo=AutoEncoder | action=commit
2025-05-25 16:25:00 | INFO | repo=AutoEncoder | action=test | passed=true
2025-08-22 15:49:00 | INFO | repo=AutoEncoder | action=commit
2025-08-23 09:50:00 | WARN | repo=AutoEncoder | action=commit
2025-11-19 17:31:00 | WARN | repo=AutoEncoder | action=commit
2025-03-01 08:05:00 | INFO | repo=AutoEncoder | action=commit
2025-01-03 19:34:00 | INFO | repo=AutoEncoder | action=commit
2025-07-05 08:47:00 | DEBUG | repo=AutoEncoder | action=commit
2025-08-28T20:26:00 | nonce=5287779751495524073
2025-02-04T16:08:00 | nonce=3007656220498164385
2025-02-01T12:59:00 | nonce=3787250492324333590
2025-12-07T18:45:00 | nonce=7368026414025343239
2025-07-28T14:19:00 | nonce=14384468941191941078
2025-01-24T18:37:00 | nonce=6496942883075925195
2025-02-19T20:16:00 | nonce=14049320263527182588
2025-08-10T16:05:00 | nonce=4779388467603098417
2025-08-18T09:59:00 | nonce=18323591316488032049
2025-09-16T17:28:00 | nonce=3385739618941662781
